Unable to connect to the daemon process.

Messages from the log:
[NX Daemon Server] - 2024-06-14T06:17:01.603Z - Error detected when recomputing project file map: ENOENT: no such file or directory, open '/home/jaij/check/nx-webpack-microfrontend-demo/.nx/cache/parsed-lock-file.json'
[NX Daemon Server] - 2024-06-14T06:17:01.604Z - [REQUEST]: Responding to the client with an error. Error when preparing serialized project graph. ENOENT: no such file or directory, open '/home/jaij/check/nx-webpack-microfrontend-demo/.nx/cache/parsed-lock-file.json'
Error: ENOENT: no such file or directory, open '/home/jaij/check/nx-webpack-microfrontend-demo/.nx/cache/parsed-lock-file.json'
    at Object.open (node:internal/fs/sync:78:18)
    at Object.openSync (node:fs:567:17)
    at Object.func [as openSync] (node:electron/js2c/node_init:2:2214)
    at readFileSync (node:fs:447:35)
    at t.readFileSync (node:electron/js2c/node_init:2:9771)
    at readCachedParsedLockFile (/home/jaij/check/nx-webpack-microfrontend-demo/node_modules/.pnpm/nx@16.10.0_@swc+core@1.3.107_@swc+helpers@0.5.11_/node_modules/nx/src/plugins/js/index.js:93:45)
    at exports.createNodes (/home/jaij/check/nx-webpack-microfrontend-demo/node_modules/.pnpm/nx@16.10.0_@swc+core@1.3.107_@swc+helpers@0.5.11_/node_modules/nx/src/plugins/js/index.js:36:27)
    at buildProjectsConfigurationsFromProjectPathsAndPlugins (/home/jaij/check/nx-webpack-microfrontend-demo/node_modules/.pnpm/nx@16.10.0_@swc+core@1.3.107_@swc+helpers@0.5.11_/node_modules/nx/src/project-graph/utils/project-configuration-utils.js:68:88)
    at createProjectConfigurations (/home/jaij/check/nx-webpack-microfrontend-demo/node_modules/.pnpm/nx@16.10.0_@swc+core@1.3.107_@swc+helpers@0.5.11_/node_modules/nx/src/project-graph/utils/retrieve-workspace-files.js:131:129)
    at WorkspaceContext.<anonymous> (/home/jaij/check/nx-webpack-microfrontend-demo/node_modules/.pnpm/nx@16.10.0_@swc+core@1.3.107_@swc+helpers@0.5.11_/node_modules/nx/src/project-graph/utils/retrieve-workspace-files.js:82:39) {
  errno: -2,
  code: 'ENOENT',
  syscall: 'open',
  path: '/home/jaij/check/nx-webpack-microfrontend-demo/.nx/cache/parsed-lock-file.json'
}
[NX Daemon Server] - 2024-06-14T06:17:01.608Z - Done responding to the client null



More information: /home/jaij/check/nx-webpack-microfrontend-demo/.nx/cache/d/daemon.log